2025-04-06 04:10:21.824 AEST [2547] LOG:  starting PostgreSQL 16.8 (Postgres.app) on aarch64-apple-darwin21.6.0, compiled by Apple clang version 14.0.0 (clang-1400.0.29.102), 64-bit
2025-04-06 04:10:21.829 AEST [2547] LOG:  listening on IPv6 address "::1", port 1111
2025-04-06 04:10:21.829 AEST [2547] LOG:  listening on IPv4 address "127.0.0.1", port 1111
2025-04-06 04:10:21.830 AEST [2547] LOG:  listening on Unix socket "/tmp/.s.PGSQL.1111"
2025-04-06 04:10:21.833 AEST [2550] LOG:  database system was shut down at 2025-04-06 04:10:21 AEST
2025-04-06 04:10:21.834 AEST [2547] LOG:  database system is ready to accept connections
2025-04-06 04:10:58.482 AEST [2582] ERROR:  CREATE DATABASE cannot be executed from a function
2025-04-06 04:10:58.482 AEST [2582] CONTEXT:  SQL statement "CREATE DATABASE seng_db OWNER seng_user"
	PL/pgSQL function inline_code_block line 15 at SQL statement
2025-04-06 04:10:58.482 AEST [2582] STATEMENT:  
	DO $$
	BEGIN
	    -- Create user if not exists
	    IF NOT EXISTS (
	        SELECT FROM pg_catalog.pg_roles WHERE rolname = 'seng_user'
	    ) THEN
	        CREATE ROLE seng_user WITH LOGIN PASSWORD 'Password123';
	    END IF;
	
	
	    -- Create database if not exists
	    IF NOT EXISTS (
	        SELECT FROM pg_database WHERE datname = 'seng_db'
	    ) THEN
	        CREATE DATABASE seng_db OWNER seng_user;
	    END IF;
	
	
	    -- Grant privileges
	    GRANT ALL PRIVILEGES ON DATABASE seng_db TO seng_user;
	END
	$$;
	
2025-04-06 04:13:18.670 AEST [2631] ERROR:  syntax error at or near "REATE" at character 1
2025-04-06 04:13:18.670 AEST [2631] STATEMENT:  REATE TABLE IF NOT EXISTS orders (
	    SalesOrderID TEXT PRIMARY KEY,
	    UUID TEXT NOT NULL,
	    IssueDate DATE NOT NULL,
	    PartyNameBuyer TEXT NOT NULL,
	    PartyNameSeller TEXT NOT NULL,
	    PayableAmount REAL NOT NULL,
	    PayableCurrencyCode TEXT NOT NULL
	  );
2025-04-06 04:15:21.838 AEST [2548] LOG:  checkpoint starting: time
2025-04-06 04:15:29.325 AEST [3612] ERROR:  duplicate key value violates unique constraint "users_email_key"
2025-04-06 04:15:29.325 AEST [3612] DETAIL:  Key (email)=(val@gmail.com) already exists.
2025-04-06 04:15:29.325 AEST [3612] STATEMENT:  INSERT INTO users (Email, Password, CompanyName) VALUES ($1, $2, $3) RETURNING UserID;
2025-04-06 04:16:16.439 AEST [3717] ERROR:  duplicate key value violates unique constraint "users_email_key"
2025-04-06 04:16:16.439 AEST [3717] DETAIL:  Key (email)=(val@gmail.com) already exists.
2025-04-06 04:16:16.439 AEST [3717] STATEMENT:  INSERT INTO users (Email, Password, CompanyName) VALUES ($1, $2, $3) RETURNING UserID;
2025-04-06 04:16:29.165 AEST [3745] ERROR:  duplicate key value violates unique constraint "users_email_key"
2025-04-06 04:16:29.165 AEST [3745] DETAIL:  Key (email)=(testuser100@example.com) already exists.
2025-04-06 04:16:29.165 AEST [3745] STATEMENT:  INSERT INTO users (Email, Password, CompanyName) VALUES ($1, $2, $3) RETURNING UserID;
2025-04-06 04:18:47.321 AEST [2548] LOG:  checkpoint complete: wrote 2025 buffers (12.4%); 0 WAL file(s) added, 0 removed, 1 recycled; write=205.430 s, sync=0.051 s, total=205.484 s; sync files=709, longest=0.003 s, average=0.001 s; distance=9523 kB, estimate=9523 kB; lsn=0/2096CE0, redo lsn=0/2096040
2025-04-06 04:25:21.331 AEST [2548] LOG:  checkpoint starting: time
2025-04-06 04:25:23.585 AEST [2548] LOG:  checkpoint complete: wrote 23 buffers (0.1%); 0 WAL file(s) added, 0 removed, 0 recycled; write=2.244 s, sync=0.006 s, total=2.254 s; sync files=13, longest=0.002 s, average=0.001 s; distance=137 kB, estimate=8584 kB; lsn=0/20B84E0, redo lsn=0/20B84A8
2025-04-06 04:25:27.652 AEST [4106] ERROR:  duplicate key value violates unique constraint "users_email_key"
2025-04-06 04:25:27.652 AEST [4106] DETAIL:  Key (email)=(val@gmail.com) already exists.
2025-04-06 04:25:27.652 AEST [4106] STATEMENT:  INSERT INTO users (Email, Password, CompanyName) VALUES ($1, $2, $3) RETURNING UserID;
2025-04-06 04:26:08.637 AEST [4289] ERROR:  duplicate key value violates unique constraint "users_email_key"
2025-04-06 04:26:08.637 AEST [4289] DETAIL:  Key (email)=(val@gmail.com) already exists.
2025-04-06 04:26:08.637 AEST [4289] STATEMENT:  INSERT INTO users (Email, Password, CompanyName) VALUES ($1, $2, $3) RETURNING UserID;
2025-04-06 04:30:21.630 AEST [2548] LOG:  checkpoint starting: time
2025-04-06 04:30:21.941 AEST [2548] LOG:  checkpoint complete: wrote 4 buffers (0.0%); 0 WAL file(s) added, 0 removed, 0 recycled; write=0.307 s, sync=0.002 s, total=0.312 s; sync files=4, longest=0.001 s, average=0.001 s; distance=2 kB, estimate=7726 kB; lsn=0/20B8D40, redo lsn=0/20B8D08
2025-04-06 04:40:25.406 AEST [4618] ERROR:  duplicate key value violates unique constraint "users_email_key"
2025-04-06 04:40:25.406 AEST [4618] DETAIL:  Key (email)=(val@gmail.com) already exists.
2025-04-06 04:40:25.406 AEST [4618] STATEMENT:  INSERT INTO users (Email, Password, CompanyName) VALUES ($1, $2, $3) RETURNING UserID;
2025-04-06 04:45:21.964 AEST [2548] LOG:  checkpoint starting: time
2025-04-06 04:45:22.279 AEST [2548] LOG:  checkpoint complete: wrote 4 buffers (0.0%); 0 WAL file(s) added, 0 removed, 0 recycled; write=0.310 s, sync=0.002 s, total=0.315 s; sync files=4, longest=0.001 s, average=0.001 s; distance=2 kB, estimate=6953 kB; lsn=0/20B9590, redo lsn=0/20B9558
2025-04-06 04:46:13.205 AEST [4904] ERROR:  cannot drop table invoices because other objects depend on it
2025-04-06 04:46:13.205 AEST [4904] DETAIL:  constraint invoice_items_invoiceid_fkey on table invoice_items depends on table invoices
2025-04-06 04:46:13.205 AEST [4904] HINT:  Use DROP ... CASCADE to drop the dependent objects too.
2025-04-06 04:46:13.205 AEST [4904] STATEMENT:  drop table invoices;
2025-04-06 04:50:21.287 AEST [2548] LOG:  checkpoint starting: time
2025-04-06 04:50:26.679 AEST [2548] LOG:  checkpoint complete: wrote 53 buffers (0.3%); 0 WAL file(s) added, 0 removed, 0 recycled; write=5.371 s, sync=0.015 s, total=5.392 s; sync files=46, longest=0.002 s, average=0.001 s; distance=254 kB, estimate=6283 kB; lsn=0/20F8DB0, redo lsn=0/20F8D78
2025-04-06 04:57:14.967 AEST [5238] ERROR:  duplicate key value violates unique constraint "users_email_key"
2025-04-06 04:57:14.967 AEST [5238] DETAIL:  Key (email)=(val@gmail.com) already exists.
2025-04-06 04:57:14.967 AEST [5238] STATEMENT:  INSERT INTO users (Email, Password, CompanyName) VALUES ($1, $2, $3) RETURNING UserID;
2025-04-06 05:00:21.695 AEST [2548] LOG:  checkpoint starting: time
2025-04-06 05:00:22.006 AEST [2548] LOG:  checkpoint complete: wrote 4 buffers (0.0%); 0 WAL file(s) added, 0 removed, 0 recycled; write=0.308 s, sync=0.002 s, total=0.312 s; sync files=4, longest=0.001 s, average=0.001 s; distance=2 kB, estimate=5655 kB; lsn=0/20F96A0, redo lsn=0/20F9668
